2023-12-15 19:31:36,090 - INFO - Total number of records included: 1
2023-12-15 19:31:36,092 - INFO - Total time taken 3.146803140640259 seconds
2023-12-15 19:51:22,156 - ERROR - Error calculating SMA/RSI for 1ADN: list index out of range
2023-12-15 19:51:27,997 - INFO - Total number of records included: 2414
2023-12-15 19:51:28,007 - INFO - Total time taken 809.38840508461 seconds
2023-12-18 16:26:08,951 - ERROR - Error calculating SMA/RSI for 1ADN: list index out of range
2023-12-18 16:26:15,744 - INFO - Total number of records included: 2380
2023-12-18 16:26:15,748 - INFO - Total time taken 313.45105814933777 seconds
2024-01-26 15:51:19,969 - ERROR - Error calculating SMA/RSI for 1ADN: list index out of range
2024-01-26 15:51:20,002 - ERROR - Error calculating SMA/RSI for 1STN: list index out of range
2024-01-26 15:51:20,009 - ERROR - Error calculating SMA/RSI for 1AGNA: list index out of range
2024-01-26 15:51:20,137 - ERROR - Error calculating SMA/RSI for AAUNB: list index out of range
2024-01-26 15:51:20,163 - ERROR - Error calculating SMA/RSI for ACQN: list index out of range
2024-01-26 15:51:20,220 - ERROR - Error calculating SMA/RSI for ACBN: list index out of range
2024-01-26 15:51:20,231 - ERROR - Error calculating SMA/RSI for ADDNB: list index out of range
2024-01-26 15:51:20,276 - ERROR - Error calculating SMA/RSI for ADSN: list index out of range
2024-01-26 15:51:20,284 - ERROR - Error calculating SMA/RSI for AFWN: list index out of range
2024-01-26 15:51:20,315 - ERROR - Error calculating SMA/RSI for AGRN: list index out of range
2024-01-26 15:51:20,333 - ERROR - Error calculating SMA/RSI for RGLN: list index out of range
2024-01-26 15:51:20,353 - ERROR - Error calculating SMA/RSI for YTMANZ: list index out of range
2024-01-26 15:51:20,359 - ERROR - Error calculating SMA/RSI for YTMF10: list index out of range
2024-01-26 15:51:20,360 - ERROR - Error calculating SMA/RSI for XTEN: list index out of range
2024-01-26 15:51:20,360 - ERROR - Error calculating SMA/RSI for YTMMQG: list index out of range
2024-01-26 15:51:20,361 - ERROR - Error calculating SMA/RSI for YTMMGR: list index out of range
2024-01-26 15:51:20,374 - ERROR - Error calculating SMA/RSI for AGSN: list index out of range
2024-01-26 15:51:20,425 - ERROR - Error calculating SMA/RSI for SAVE: list index out of range
2024-01-26 15:51:20,451 - ERROR - Error calculating SMA/RSI for EE1: list index out of range
2024-01-26 15:51:20,457 - ERROR - Error calculating SMA/RSI for RWDN: list index out of range
2024-01-26 15:51:20,541 - ERROR - Error calculating SMA/RSI for SBMN: list index out of range
2024-01-26 15:51:20,572 - ERROR - Error calculating SMA/RSI for AKNN: list index out of range
2024-01-26 15:51:20,588 - ERROR - Error calculating SMA/RSI for ALLN: list index out of range
2024-01-26 15:51:20,594 - ERROR - Error calculating SMA/RSI for ALINA: list index out of range
2024-01-26 15:51:20,622 - ERROR - Error calculating SMA/RSI for AJMN: list index out of range
2024-01-26 15:51:20,626 - ERROR - Error calculating SMA/RSI for ALYN: list index out of range
2024-01-26 15:51:20,669 - ERROR - Error calculating SMA/RSI for ANONC: list index out of range
2024-01-26 15:51:20,672 - ERROR - Error calculating SMA/RSI for ANPNB: list index out of range
2024-01-26 15:51:20,719 - ERROR - Error calculating SMA/RSI for APCN: list index out of range
2024-01-26 15:51:20,738 - ERROR - Error calculating SMA/RSI for ARCNB: list index out of range
2024-01-26 15:51:20,761 - ERROR - Error calculating SMA/RSI for ASMN: list index out of range
2024-01-26 15:51:20,787 - ERROR - Error calculating SMA/RSI for RYDNA: list index out of range
2024-01-26 15:51:20,841 - ERROR - Error calculating SMA/RSI for MELNA: list index out of range
2024-01-26 15:51:20,861 - ERROR - Error calculating SMA/RSI for MOQN: list index out of range
2024-01-26 15:51:20,924 - ERROR - Error calculating SMA/RSI for MG1: list index out of range
2024-01-26 15:51:20,995 - ERROR - Error calculating SMA/RSI for MEBN: list index out of range
2024-01-26 15:51:20,999 - ERROR - Error calculating SMA/RSI for MGTNF: list index out of range
2024-01-26 15:51:21,058 - ERROR - Error calculating SMA/RSI for ATXN: list index out of range
2024-01-26 15:51:21,094 - ERROR - Error calculating SMA/RSI for AUNR: list index out of range
2024-01-26 15:51:21,109 - ERROR - Error calculating SMA/RSI for AV1NA: list index out of range
2024-01-26 15:51:21,116 - ERROR - Error calculating SMA/RSI for AWVNA: list index out of range
2024-01-26 15:51:21,150 - ERROR - Error calculating SMA/RSI for AYUHB: list index out of range
2024-01-26 15:51:21,172 - ERROR - Error calculating SMA/RSI for AVRN: list index out of range
2024-01-26 15:51:21,184 - ERROR - Error calculating SMA/RSI for BBCN: list index out of range
2024-01-26 15:51:21,188 - ERROR - Error calculating SMA/RSI for BASNE: list index out of range
2024-01-26 15:51:21,229 - ERROR - Error calculating SMA/RSI for BITNE: list index out of range
2024-01-26 15:51:21,235 - ERROR - Error calculating SMA/RSI for BM8.FAKE: list index out of range
2024-01-26 15:51:21,236 - ERROR - Error calculating SMA/RSI for BMEN: list index out of range
2024-01-26 15:51:21,245 - ERROR - Error calculating SMA/RSI for BOQPD: list index out of range
2024-01-26 15:51:21,252 - ERROR - Error calculating SMA/RSI for BRUN: list index out of range
2024-01-26 15:51:21,258 - ERROR - Error calculating SMA/RSI for MEBNB: list index out of range
2024-01-26 15:51:21,315 - ERROR - Error calculating SMA/RSI for MONY: list index out of range
2024-01-26 15:51:21,338 - ERROR - Error calculating SMA/RSI for SMXN: list index out of range
2024-01-26 15:51:21,339 - ERROR - Error calculating SMA/RSI for BENPD: list index out of range
2024-01-26 15:51:21,358 - ERROR - Error calculating SMA/RSI for MLMNC: list index out of range
2024-01-26 15:51:21,359 - ERROR - Error calculating SMA/RSI for MOTNB: list index out of range
2024-01-26 15:51:21,365 - ERROR - Error calculating SMA/RSI for MRCN: list index out of range
2024-01-26 15:51:21,465 - ERROR - Error calculating SMA/RSI for MRCNA: list index out of range
2024-01-26 15:51:21,488 - ERROR - Error calculating SMA/RSI for SMRN: list index out of range
2024-01-26 15:51:21,506 - ERROR - Error calculating SMA/RSI for BEXN: list index out of range
2024-01-26 15:51:21,529 - ERROR - Error calculating SMA/RSI for BLGNA: list index out of range
2024-01-26 15:51:21,593 - ERROR - Error calculating SMA/RSI for BOAN: list index out of range
2024-01-26 15:51:21,606 - ERROR - Error calculating SMA/RSI for BNONA: list index out of range
2024-01-26 15:51:21,622 - ERROR - Error calculating SMA/RSI for BNRNA: list index out of range
2024-01-26 15:51:21,674 - ERROR - Error calculating SMA/RSI for CAMPA: list index out of range
2024-01-26 15:51:21,687 - ERROR - Error calculating SMA/RSI for CAPNB: list index out of range
2024-01-26 15:51:21,697 - ERROR - Error calculating SMA/RSI for CARN: list index out of range
2024-01-26 15:51:21,709 - ERROR - Error calculating SMA/RSI for MPXN: list index out of range
2024-01-26 15:51:21,767 - ERROR - Error calculating SMA/RSI for MXUPA: list index out of range
2024-01-26 15:51:21,783 - ERROR - Error calculating SMA/RSI for NCZN: list index out of range
2024-01-26 15:51:21,803 - ERROR - Error calculating SMA/RSI for NVUN: list index out of range
2024-01-26 15:51:21,945 - ERROR - Error calculating SMA/RSI for NMTN: list index out of range
2024-01-26 15:51:21,957 - ERROR - Error calculating SMA/RSI for NWENA: list index out of range
2024-01-26 15:51:21,975 - ERROR - Error calculating SMA/RSI for OLLNA: list index out of range
2024-01-26 15:51:22,008 - ERROR - Error calculating SMA/RSI for STKN: list index out of range
2024-01-26 15:51:22,078 - ERROR - Error calculating SMA/RSI for BUDNA: list index out of range
2024-01-26 15:51:22,134 - ERROR - Error calculating SMA/RSI for CDTNA: list index out of range
2024-01-26 15:51:22,172 - ERROR - Error calculating SMA/RSI for CIONC: list index out of range
2024-01-26 15:51:22,179 - ERROR - Error calculating SMA/RSI for CGCN: list index out of range
2024-01-26 15:51:22,182 - ERROR - Error calculating SMA/RSI for CG1NA: list index out of range
2024-01-26 15:51:22,196 - ERROR - Error calculating SMA/RSI for CL8NE: list index out of range
2024-01-26 15:51:22,211 - ERROR - Error calculating SMA/RSI for CNJND: list index out of range
2024-01-26 15:51:22,271 - ERROR - Error calculating SMA/RSI for NAGN: list index out of range
2024-01-26 15:51:22,282 - ERROR - Error calculating SMA/RSI for SOVN: list index out of range
2024-01-26 15:51:22,336 - ERROR - Error calculating SMA/RSI for SVWPA: list index out of range
2024-01-26 15:51:22,355 - ERROR - Error calculating SMA/RSI for CRSN: list index out of range
2024-01-26 15:51:22,388 - ERROR - Error calculating SMA/RSI for STKND: list index out of range
2024-01-26 15:51:22,398 - ERROR - Error calculating SMA/RSI for NMRNB: list index out of range
2024-01-26 15:51:22,405 - ERROR - Error calculating SMA/RSI for NORN: list index out of range
2024-01-26 15:51:22,449 - ERROR - Error calculating SMA/RSI for CSM: list index out of range
2024-01-26 15:51:22,482 - ERROR - Error calculating SMA/RSI for CUSN: list index out of range
2024-01-26 15:51:22,486 - ERROR - Error calculating SMA/RSI for CVSNA: list index out of range
2024-01-26 15:51:22,508 - ERROR - Error calculating SMA/RSI for CYMN: list index out of range
2024-01-26 15:51:22,518 - ERROR - Error calculating SMA/RSI for CZNN: list index out of range
2024-01-26 15:51:22,532 - ERROR - Error calculating SMA/RSI for CVSNB: list index out of range
2024-01-26 15:51:22,543 - ERROR - Error calculating SMA/RSI for CXMN: list index out of range
2024-01-26 15:51:22,643 - ERROR - Error calculating SMA/RSI for NWFN: list index out of range
2024-01-26 15:51:22,682 - ERROR - Error calculating SMA/RSI for DYLNC: list index out of range
2024-01-26 15:51:22,706 - ERROR - Error calculating SMA/RSI for OECN: list index out of range
2024-01-26 15:51:22,717 - ERROR - Error calculating SMA/RSI for OOKNA: list index out of range
2024-01-26 15:51:22,737 - ERROR - Error calculating SMA/RSI for SYAN: list index out of range
2024-01-26 15:51:22,743 - ERROR - Error calculating SMA/RSI for TEMN: list index out of range
2024-01-26 15:51:22,806 - ERROR - Error calculating SMA/RSI for TCLN: list index out of range
2024-01-26 15:51:22,847 - ERROR - Error calculating SMA/RSI for DXNNB: list index out of range
2024-01-26 15:51:22,917 - ERROR - Error calculating SMA/RSI for EGNN: list index out of range
2024-01-26 15:51:22,945 - ERROR - Error calculating SMA/RSI for EDEN: list index out of range
2024-01-26 15:51:22,948 - ERROR - Error calculating SMA/RSI for ECSNC: list index out of range
2024-01-26 15:51:23,036 - ERROR - Error calculating SMA/RSI for TMHN: list index out of range
2024-01-26 15:51:23,059 - ERROR - Error calculating SMA/RSI for OZZN: list index out of range
2024-01-26 15:51:23,060 - ERROR - Error calculating SMA/RSI for OPNN: list index out of range
2024-01-26 15:51:23,073 - ERROR - Error calculating SMA/RSI for TMGNA: list index out of range
2024-01-26 15:51:23,080 - ERROR - Error calculating SMA/RSI for TNRNA: list index out of range
2024-01-26 15:51:23,089 - ERROR - Error calculating SMA/RSI for OPLN: list index out of range
2024-01-26 15:51:23,116 - ERROR - Error calculating SMA/RSI for PDZN: list index out of range
2024-01-26 15:51:23,144 - ERROR - Error calculating SMA/RSI for OVNNA: list index out of range
2024-01-26 15:51:23,157 - ERROR - Error calculating SMA/RSI for PBHN: list index out of range
2024-01-26 15:51:23,173 - ERROR - Error calculating SMA/RSI for TNRN: list index out of range
2024-01-26 15:51:23,192 - ERROR - Error calculating SMA/RSI for EVEN: list index out of range
2024-01-26 15:51:23,213 - ERROR - Error calculating SMA/RSI for EWCNA: list index out of range
2024-01-26 15:51:23,277 - ERROR - Error calculating SMA/RSI for FFXND: list index out of range
2024-01-26 15:51:23,343 - ERROR - Error calculating SMA/RSI for FNXN: list index out of range
2024-01-26 15:51:23,382 - ERROR - Error calculating SMA/RSI for PABN: list index out of range
2024-01-26 15:51:23,384 - ERROR - Error calculating SMA/RSI for PAKNB: list index out of range
2024-01-26 15:51:23,393 - ERROR - Error calculating SMA/RSI for TRYNA: list index out of range
2024-01-26 15:51:23,419 - ERROR - Error calculating SMA/RSI for PEXND: list index out of range
2024-01-26 15:51:23,438 - ERROR - Error calculating SMA/RSI for PHLN: list index out of range
2024-01-26 15:51:23,471 - ERROR - Error calculating SMA/RSI for TPSN: list index out of range
2024-01-26 15:51:23,492 - ERROR - Error calculating SMA/RSI for FTZNA: list index out of range
2024-01-26 15:51:23,509 - ERROR - Error calculating SMA/RSI for GGFD: 
2024-01-26 15:51:23,555 - ERROR - Error calculating SMA/RSI for PNTN: list index out of range
2024-01-26 15:51:23,566 - ERROR - Error calculating SMA/RSI for PSLNB: list index out of range
2024-01-26 15:51:23,575 - ERROR - Error calculating SMA/RSI for PXXNA: list index out of range
2024-01-26 15:51:23,578 - ERROR - Error calculating SMA/RSI for TONNF: list index out of range
2024-01-26 15:51:23,584 - ERROR - Error calculating SMA/RSI for TTIN: list index out of range
2024-01-26 15:51:23,638 - ERROR - Error calculating SMA/RSI for GNMNF: list index out of range
2024-01-26 15:51:23,641 - ERROR - Error calculating SMA/RSI for GMNNB: list index out of range
2024-01-26 15:51:23,643 - ERROR - Error calculating SMA/RSI for GMEN: list index out of range
2024-01-26 15:51:23,652 - ERROR - Error calculating SMA/RSI for PGON: list index out of range
2024-01-26 15:51:23,666 - ERROR - Error calculating SMA/RSI for PODNA: list index out of range
2024-01-26 15:51:23,675 - ERROR - Error calculating SMA/RSI for PPKMEG: list index out of range
2024-01-26 15:51:23,705 - ERROR - Error calculating SMA/RSI for TYMNA: list index out of range
2024-01-26 15:51:23,731 - ERROR - Error calculating SMA/RSI for GGAB: 
2024-01-26 15:51:23,767 - ERROR - Error calculating SMA/RSI for GNMND: list index out of range
2024-01-26 15:51:23,789 - ERROR - Error calculating SMA/RSI for GMDND: list index out of range
2024-01-26 15:51:23,792 - ERROR - Error calculating SMA/RSI for GMNNA: list index out of range
2024-01-26 15:51:23,794 - ERROR - Error calculating SMA/RSI for GMRN: list index out of range
2024-01-26 15:51:23,801 - ERROR - Error calculating SMA/RSI for GRLN: list index out of range
2024-01-26 15:51:23,861 - ERROR - Error calculating SMA/RSI for GSNNB: list index out of range
2024-01-26 15:51:23,899 - ERROR - Error calculating SMA/RSI for HILR: list index out of range
2024-01-26 15:51:23,921 - ERROR - Error calculating SMA/RSI for HILNB: list index out of range
2024-01-26 15:51:23,945 - ERROR - Error calculating SMA/RSI for HNRNA: list index out of range
2024-01-26 15:51:23,949 - ERROR - Error calculating SMA/RSI for HORNC: list index out of range
2024-01-26 15:51:24,087 - ERROR - Error calculating SMA/RSI for HILNA: list index out of range
2024-01-26 15:51:24,147 - ERROR - Error calculating SMA/RSI for ICNN: list index out of range
2024-01-26 15:51:24,238 - ERROR - Error calculating SMA/RSI for IMFHA: list index out of range
2024-01-26 15:51:24,279 - ERROR - Error calculating SMA/RSI for PODN: list index out of range
2024-01-26 15:51:24,286 - ERROR - Error calculating SMA/RSI for TZLNC: list index out of range
2024-01-26 15:51:24,294 - ERROR - Error calculating SMA/RSI for UBIN: list index out of range
2024-01-26 15:51:24,297 - ERROR - Error calculating SMA/RSI for UCMN: list index out of range
2024-01-26 15:51:24,331 - ERROR - Error calculating SMA/RSI for WBEN: list index out of range
2024-01-26 15:51:24,345 - ERROR - Error calculating SMA/RSI for WMCNF: list index out of range
2024-01-26 15:51:24,460 - ERROR - Error calculating SMA/RSI for WBTNB: list index out of range
2024-01-26 15:51:24,467 - ERROR - Error calculating SMA/RSI for WECN: list index out of range
2024-01-26 15:51:24,544 - ERROR - Error calculating SMA/RSI for WKTND: list index out of range
2024-01-26 15:51:24,555 - ERROR - Error calculating SMA/RSI for WWIN: list index out of range
2024-01-26 15:51:24,564 - ERROR - Error calculating SMA/RSI for INPN: list index out of range
2024-01-26 15:51:24,601 - ERROR - Error calculating SMA/RSI for IPTNA: list index out of range
2024-01-26 15:51:24,680 - ERROR - Error calculating SMA/RSI for KAUN: list index out of range
2024-01-26 15:51:24,704 - ERROR - Error calculating SMA/RSI for KFENA: list index out of range
2024-01-26 15:51:24,709 - ERROR - Error calculating SMA/RSI for KGDN: list index out of range
2024-01-26 15:51:24,763 - ERROR - Error calculating SMA/RSI for QRIN: list index out of range
2024-01-26 15:51:24,795 - ERROR - Error calculating SMA/RSI for VORN: list index out of range
2024-01-26 15:51:24,798 - ERROR - Error calculating SMA/RSI for VXRNF: list index out of range
2024-01-26 15:51:24,813 - ERROR - Error calculating SMA/RSI for WHANC: list index out of range
2024-01-26 15:51:24,830 - ERROR - Error calculating SMA/RSI for KTGNB: list index out of range
2024-01-26 15:51:24,843 - ERROR - Error calculating SMA/RSI for RANN: list index out of range
2024-01-26 15:51:24,878 - ERROR - Error calculating SMA/RSI for KKONB: list index out of range
2024-01-26 15:51:24,897 - ERROR - Error calculating SMA/RSI for WBTN: list index out of range
2024-01-26 15:51:24,908 - ERROR - Error calculating SMA/RSI for WLENA: list index out of range
2024-01-26 15:51:24,922 - ERROR - Error calculating SMA/RSI for REMN: list index out of range
2024-01-26 15:51:24,931 - ERROR - Error calculating SMA/RSI for WMXNE: list index out of range
2024-01-26 15:51:24,952 - ERROR - Error calculating SMA/RSI for YTMF08: list index out of range
2024-01-26 15:51:24,970 - ERROR - Error calculating SMA/RSI for Z3RO: list index out of range
2024-01-26 15:51:25,085 - ERROR - Error calculating SMA/RSI for LSHN: list index out of range
2024-01-26 15:51:25,086 - ERROR - Error calculating SMA/RSI for LRVN: list index out of range
2024-01-26 15:51:25,108 - ERROR - Error calculating SMA/RSI for LOMNE: list index out of range
2024-01-26 15:51:25,109 - ERROR - Error calculating SMA/RSI for LPDNH: list index out of range
2024-01-26 15:51:25,151 - ERROR - Error calculating SMA/RSI for MAYN: list index out of range
2024-01-26 15:51:25,152 - ERROR - Error calculating SMA/RSI for MATN: list index out of range
2024-01-26 15:51:25,176 - ERROR - Error calculating SMA/RSI for RD1NC: list index out of range
2024-01-26 15:51:25,184 - ERROR - Error calculating SMA/RSI for WWGN: list index out of range
2024-01-26 15:51:25,200 - ERROR - Error calculating SMA/RSI for MCTN: list index out of range
2024-01-26 15:51:25,216 - ERROR - Error calculating SMA/RSI for WRMNE: list index out of range
2024-01-26 15:51:25,275 - ERROR - Error calculating SMA/RSI for YTMAZJ: list index out of range
2024-01-26 15:51:25,286 - ERROR - Error calculating SMA/RSI for YTMQF1: list index out of range
2024-01-26 15:51:25,316 - ERROR - Error calculating SMA/RSI for RHYN: list index out of range
2024-01-26 15:51:25,327 - ERROR - Error calculating SMA/RSI for YTMF03: list index out of range
2024-01-26 15:51:25,343 - ERROR - Error calculating SMA/RSI for YTMTLS: list index out of range
2024-01-26 15:51:25,382 - ERROR - Error calculating SMA/RSI for SBKPA: list index out of range
2024-01-26 15:51:25,387 - ERROR - Error calculating SMA/RSI for YTMBOQ: list index out of range
2024-01-26 15:51:25,391 - ERROR - Error calculating SMA/RSI for YTMF11: list index out of range
2024-01-26 15:51:25,402 - ERROR - Error calculating SMA/RSI for YTMWB1: list index out of range
2024-01-26 15:51:25,404 - INFO - Total number of records included: 2377
2024-01-26 15:51:25,408 - INFO - Total time taken 265.2133059501648 seconds
