2023-12-07 01:35:20 - INFO - This is an info message
2023-12-07 01:35:33 - INFO - Added new stock: 14D
2023-12-07 01:35:33 - INFO - Added new stock: 1AI
2023-12-07 01:35:33 - INFO - Added new stock: 1ADN
2023-12-07 01:35:33 - INFO - Added new stock: 1AE
2023-12-07 01:35:33 - INFO - Added new stock: 1AG
2023-12-07 01:35:33 - INFO - Added new stock: 1AGNA
2023-12-07 01:35:33 - INFO - Added new stock: 1TT
2023-12-07 01:35:33 - INFO - Added new stock: 8VI
2023-12-07 01:35:33 - INFO - Added new stock: ABC
2023-12-07 01:35:33 - INFO - Added new stock: 1CG
2023-12-07 01:35:33 - INFO - Added new stock: A200
2023-12-07 01:35:33 - INFO - Added new stock: A3D
2023-12-07 01:35:33 - INFO - Added new stock: AAUNB
2023-12-07 01:35:33 - INFO - Added new stock: AAR
2023-12-07 01:35:33 - INFO - Added new stock: 1GOV
2023-12-07 01:35:33 - INFO - Added new stock: 3PL
2023-12-07 01:35:33 - INFO - Added new stock: 8CO
2023-12-07 01:35:33 - INFO - Added new stock: 1MC
2023-12-07 01:35:33 - INFO - Added new stock: 5GOV
2023-12-07 01:35:34 - INFO - Added new stock: 3DP
2023-12-07 01:35:34 - INFO - Added new stock: AASF
2023-12-07 01:35:34 - INFO - Added new stock: 92E
2023-12-07 01:35:34 - INFO - Added new stock: A2B
2023-12-07 01:35:34 - INFO - Added new stock: 1STN
2023-12-07 01:35:34 - INFO - Added new stock: A2M
2023-12-07 01:35:34 - INFO - Added new stock: AAA
2023-12-07 01:35:34 - INFO - Added new stock: A1M
2023-12-07 01:35:34 - INFO - Added new stock: 29M
2023-12-07 01:35:34 - INFO - Added new stock: AAC
2023-12-07 01:35:34 - INFO - Added new stock: 5GG
2023-12-07 01:35:34 - INFO - Added new stock: 8IH
2023-12-07 01:35:34 - INFO - Added new stock: 360
2023-12-07 01:35:34 - INFO - Added new stock: A1N
2023-12-07 01:35:34 - INFO - Added new stock: 4DS
2023-12-07 01:35:34 - INFO - Added new stock: AAJ
2023-12-07 01:35:34 - INFO - Added new stock: AAU
2023-12-07 01:35:35 - INFO - Added new stock: AAP
2023-12-07 01:35:35 - INFO - Added new stock: 3DA
2023-12-07 01:35:35 - INFO - Added new stock: 5EA
2023-12-07 01:35:35 - INFO - Added new stock: ABA
2023-12-07 01:35:35 - INFO - Added new stock: A4N
2023-12-07 01:35:35 - INFO - Added new stock: ABB
2023-12-07 01:35:35 - INFO - Added new stock: A1G
2023-12-07 01:35:35 - INFO - Added new stock: A8G
2023-12-07 01:35:35 - INFO - Added new stock: 4DX
2023-12-07 01:35:35 - INFO - Added new stock: 88E
2023-12-07 01:35:35 - INFO - Added new stock: 1AD
2023-12-07 01:35:35 - INFO - Added new stock: A11
2023-12-07 01:35:37 - INFO - Added new stock: ABE
2023-12-07 01:35:37 - INFO - Added new stock: ABY
2023-12-07 01:35:37 - INFO - Added new stock: ABX
2023-12-07 01:35:37 - INFO - Added new stock: ABG
2023-12-07 01:35:37 - INFO - Added new stock: ABV
2023-12-07 01:35:37 - INFO - Added new stock: AC8
2023-12-07 01:35:37 - INFO - Added new stock: ACBN
2023-12-07 01:35:37 - INFO - Added new stock: ACF
2023-12-07 01:35:37 - INFO - Added new stock: ACDC
2023-12-07 01:35:37 - INFO - Added new stock: ACE
2023-12-07 01:35:37 - INFO - Added new stock: ACQ
2023-12-07 01:35:37 - INFO - Added new stock: ACL
2023-12-07 01:35:37 - INFO - Added new stock: ACQN
2023-12-07 01:35:37 - INFO - Added new stock: ACM
2023-12-07 01:35:37 - INFO - Added new stock: ACP
2023-12-07 01:35:37 - INFO - Added new stock: ACR
2023-12-07 01:35:37 - INFO - Added new stock: ACU
2023-12-07 01:35:37 - INFO - Added new stock: ACS
2023-12-07 01:35:38 - INFO - Added new stock: AD1
2023-12-07 01:35:38 - INFO - Added new stock: ACW
2023-12-07 01:35:38 - INFO - Added new stock: AD8
2023-12-07 01:35:38 - INFO - Added new stock: ADA
2023-12-07 01:35:38 - INFO - Added new stock: ADC
2023-12-07 01:35:38 - INFO - Added new stock: ADD
2023-12-07 01:35:38 - INFO - Added new stock: ADDNB
2023-12-07 01:35:38 - INFO - Added new stock: ADEF
2023-12-07 01:35:38 - INFO - Added new stock: ADG
2023-12-07 01:35:38 - INFO - Added new stock: ADH
2023-12-07 01:35:38 - INFO - Added new stock: ADN
2023-12-07 01:35:38 - INFO - Added new stock: ADO
2023-12-07 01:35:38 - INFO - Added new stock: ADSN
2023-12-07 01:35:38 - INFO - Added new stock: ADS
2023-12-07 01:35:38 - INFO - Added new stock: ADT
2023-12-07 01:35:38 - INFO - Added new stock: ADV
2023-12-07 01:35:38 - INFO - Added new stock: ADY
2023-12-07 01:35:38 - INFO - Added new stock: ADX
2023-12-07 01:35:38 - INFO - Added new stock: AEI
2023-12-07 01:35:39 - INFO - Added new stock: AER
2023-12-07 01:35:39 - INFO - Added new stock: AEE
2023-12-07 01:35:39 - INFO - Added new stock: AEV
2023-12-07 01:35:39 - INFO - Added new stock: AEF
2023-12-07 01:35:39 - INFO - Added new stock: AESG
2023-12-07 01:35:39 - INFO - Added new stock: AFL
2023-12-07 01:35:39 - INFO - Added new stock: AFP
2023-12-07 01:35:39 - INFO - Added new stock: AFI
2023-12-07 01:35:39 - INFO - Added new stock: AFA
2023-12-07 01:35:39 - INFO - Added new stock: AFG
2023-12-07 01:35:40 - INFO - Added new stock: AGC
2023-12-07 01:35:40 - INFO - Added new stock: AFWN
2023-12-07 01:35:40 - INFO - Added new stock: AFW
2023-12-07 01:35:40 - INFO - Added new stock: AGD
2023-12-07 01:35:40 - INFO - Added new stock: AGE
2023-12-07 01:35:40 - INFO - Added new stock: AGH
2023-12-07 01:35:41 - INFO - Added new stock: AGI
2023-12-07 01:35:41 - INFO - Added new stock: AGR
2023-12-07 01:35:41 - INFO - Added new stock: AGL
2023-12-07 01:35:41 - INFO - Added new stock: AGN
2023-12-07 01:35:41 - INFO - Added new stock: AGSN
2023-12-07 01:35:41 - INFO - Added new stock: AGVT
2023-12-07 01:35:41 - INFO - Added new stock: AGX1
2023-12-07 01:35:41 - INFO - Added new stock: AHC
2023-12-07 01:35:41 - INFO - Added new stock: AGY
2023-12-07 01:35:41 - INFO - Added new stock: AHF
2023-12-07 01:35:41 - INFO - Added new stock: AHK
2023-12-07 01:35:41 - INFO - Added new stock: AHI
2023-12-07 01:35:41 - INFO - Added new stock: AHL
2023-12-07 01:35:41 - INFO - Added new stock: AHN
2023-12-07 01:35:41 - INFO - Added new stock: AI1
2023-12-07 01:35:41 - INFO - Added new stock: AHX
2023-12-07 01:35:41 - INFO - Added new stock: AIA
2023-12-07 01:35:41 - INFO - Added new stock: AII
2023-12-07 01:35:41 - INFO - Added new stock: AIM
2023-12-07 01:35:42 - INFO - Added new stock: AIS
2023-12-07 01:35:42 - INFO - Added new stock: AIQ
2023-12-07 01:35:42 - INFO - Added new stock: AJL
2023-12-07 01:35:42 - INFO - Added new stock: AIZ
2023-12-07 01:35:42 - INFO - Added new stock: AIV
2023-12-07 01:35:42 - INFO - Added new stock: AJMN
2023-12-07 01:35:42 - INFO - Added new stock: AJQ
2023-12-07 01:35:42 - INFO - Added new stock: AJX
2023-12-07 01:35:42 - INFO - Added new stock: AKE
2023-12-07 01:35:42 - INFO - Added new stock: AJY
2023-12-07 01:35:42 - INFO - Added new stock: AKG
2023-12-07 01:35:42 - INFO - Added new stock: AKM
2023-12-07 01:35:42 - INFO - Added new stock: AKNN
2023-12-07 01:35:42 - INFO - Added new stock: AKN
2023-12-07 01:35:42 - INFO - Added new stock: AKO
2023-12-07 01:35:42 - INFO - Added new stock: AL3
2023-12-07 01:35:42 - INFO - Added new stock: AKP
2023-12-07 01:35:42 - INFO - Added new stock: ALA
2023-12-07 01:35:42 - INFO - Added new stock: ALB
2023-12-07 01:35:42 - INFO - Added new stock: AL8
2023-12-07 01:35:43 - INFO - Added new stock: ALD
2023-12-07 01:35:43 - INFO - Added new stock: ALC
2023-12-07 01:35:43 - INFO - Added new stock: ALG
2023-12-07 01:35:44 - INFO - Added new stock: ALL
2023-12-07 01:35:44 - INFO - Added new stock: ALI
2023-12-07 01:35:44 - INFO - Added new stock: ALINA
2023-12-07 01:35:44 - INFO - Added new stock: ALLN
2023-12-07 01:35:44 - INFO - Added new stock: ALK
2023-12-07 01:35:44 - INFO - Added new stock: ALU
2023-12-07 01:35:44 - INFO - Added new stock: ALM
2023-12-07 01:35:44 - INFO - Added new stock: ALQ
2023-12-07 01:35:44 - INFO - Added new stock: ALX
2023-12-07 01:35:44 - INFO - Added new stock: ALV
2023-12-07 01:35:44 - INFO - Added new stock: ALYN
2023-12-07 01:35:44 - INFO - Added new stock: AM7
2023-12-07 01:35:44 - INFO - Added new stock: ALY
2023-12-07 01:35:44 - INFO - Added new stock: AMA
2023-12-07 01:35:44 - INFO - Added new stock: AMC
2023-12-07 01:35:45 - INFO - Added new stock: AMD
2023-12-07 01:35:45 - INFO - Added new stock: AMH
2023-12-07 01:35:45 - INFO - Added new stock: AME
2023-12-07 01:35:45 - INFO - Added new stock: AMI
2023-12-07 01:35:45 - INFO - Added new stock: AML
2023-12-07 01:35:45 - INFO - Added new stock: AMM
2023-12-07 01:35:45 - INFO - Added new stock: AMN
2023-12-07 01:35:45 - INFO - Added new stock: AMO
2023-12-07 01:35:45 - INFO - Added new stock: AMPPB
2023-12-07 01:35:45 - INFO - Added new stock: AMP
2023-12-07 01:35:45 - INFO - Added new stock: AMS
2023-12-07 01:35:45 - INFO - Added new stock: AMX
2023-12-07 01:35:45 - INFO - Added new stock: AN1
2023-12-07 01:35:45 - INFO - Added new stock: AMT
2023-12-07 01:35:45 - INFO - Added new stock: AN3PG
2023-12-07 01:35:45 - INFO - Added new stock: AN3PK
2023-12-07 01:35:45 - INFO - Added new stock: AND
2023-12-07 01:35:45 - INFO - Added new stock: AN3PJ
2023-12-07 01:35:45 - INFO - Added new stock: AN3PH
2023-12-07 01:35:45 - INFO - Added new stock: AN3PI
2023-12-07 01:35:46 - INFO - Added new stock: ANN
2023-12-07 01:35:46 - INFO - Added new stock: ANO
2023-12-07 01:35:46 - INFO - Added new stock: ANG
2023-12-07 01:35:46 - INFO - Added new stock: ANL
2023-12-07 01:35:46 - INFO - Added new stock: ANP
2023-12-07 01:35:46 - INFO - Added new stock: ANONC
2023-12-07 01:35:46 - INFO - Added new stock: ANR
2023-12-07 01:35:46 - INFO - Added new stock: ANRN
2023-12-07 01:35:46 - INFO - Added new stock: ANPNB
2023-12-07 01:35:46 - INFO - Added new stock: ANX
2023-12-07 01:35:46 - INFO - Added new stock: ANZ
2023-12-07 01:35:46 - INFO - Added new stock: ANZN
2023-12-07 01:35:46 - INFO - Added new stock: AO1
2023-12-07 01:35:47 - INFO - Added new stock: AON
2023-12-07 01:35:47 - INFO - Added new stock: AOF
2023-12-07 01:35:47 - INFO - Added new stock: APA
2023-12-07 01:35:47 - INFO - Added new stock: AOA
2023-12-07 01:35:47 - INFO - Added new stock: APC
2023-12-07 01:35:48 - INFO - Added new stock: APL
2023-12-07 01:35:48 - INFO - Added new stock: APCN
2023-12-07 01:35:48 - INFO - Added new stock: APE
2023-12-07 01:35:48 - INFO - Added new stock: APM
2023-12-07 01:35:48 - INFO - Added new stock: APS
2023-12-07 01:35:48 - INFO - Added new stock: APW
2023-12-07 01:35:48 - INFO - Added new stock: APZ
2023-12-07 01:35:48 - INFO - Added new stock: AQC
2023-12-07 01:35:48 - INFO - Added new stock: AQD
2023-12-07 01:35:48 - INFO - Added new stock: APX
2023-12-07 01:35:48 - INFO - Added new stock: AQI
2023-12-07 01:35:48 - INFO - Added new stock: AQLT
2023-12-07 01:35:48 - INFO - Added new stock: AQN
2023-12-07 01:35:48 - INFO - Added new stock: AR1
2023-12-07 01:35:48 - INFO - Added new stock: AQX
2023-12-07 01:35:48 - INFO - Added new stock: AQZ
2023-12-07 01:35:49 - INFO - Added new stock: AR3
2023-12-07 01:35:49 - INFO - Added new stock: AQXNB
2023-12-07 01:35:49 - INFO - Added new stock: ARA
2023-12-07 01:35:49 - INFO - Added new stock: AR9
2023-12-07 01:35:49 - INFO - Added new stock: ARC
2023-12-07 01:35:49 - INFO - Added new stock: ARE
2023-12-07 01:35:49 - INFO - Added new stock: ARB
2023-12-07 01:35:49 - INFO - Added new stock: ARCNB
2023-12-07 01:35:49 - INFO - Added new stock: ARD
2023-12-07 01:35:49 - INFO - Added new stock: ARF
2023-12-07 01:35:49 - INFO - Added new stock: ARL
2023-12-07 01:35:49 - INFO - Added new stock: ARN
2023-12-07 01:35:49 - INFO - Added new stock: ARG
2023-12-07 01:35:49 - INFO - Added new stock: ARR
2023-12-07 01:35:49 - INFO - Added new stock: ARU
2023-12-07 01:35:49 - INFO - Added new stock: ART
2023-12-07 01:35:49 - INFO - Added new stock: ASE
2023-12-07 01:35:49 - INFO - Added new stock: ARV
2023-12-07 01:35:49 - INFO - Added new stock: ASB
2023-12-07 01:35:50 - INFO - Added new stock: ASAO
2023-12-07 01:35:50 - INFO - Added new stock: AS2
2023-12-07 01:35:50 - INFO - Added new stock: ARX
2023-12-07 01:35:50 - INFO - Added new stock: ASG
2023-12-07 01:35:50 - INFO - Added new stock: ASM
2023-12-07 01:35:50 - INFO - Added new stock: ASK
2023-12-07 01:35:50 - INFO - Added new stock: ASIA
2023-12-07 01:35:50 - INFO - Added new stock: ASH
2023-12-07 01:35:51 - INFO - Added new stock: ASP
2023-12-07 01:35:51 - INFO - Added new stock: ASO
2023-12-07 01:35:51 - INFO - Added new stock: ASMN
2023-12-07 01:35:51 - INFO - Added new stock: ASQ
2023-12-07 01:35:51 - INFO - Added new stock: ASN
2023-12-07 01:35:51 - INFO - Added new stock: ATA
2023-12-07 01:35:51 - INFO - Added new stock: ASW
2023-12-07 01:35:51 - INFO - Added new stock: ASV
2023-12-07 01:35:51 - INFO - Added new stock: AT1
2023-12-07 01:35:52 - INFO - Added new stock: ASR
2023-12-07 01:35:52 - INFO - Added new stock: ASX
2023-12-07 01:35:52 - INFO - Added new stock: ATEC
2023-12-07 01:35:52 - INFO - Added new stock: ATC
2023-12-07 01:35:52 - INFO - Added new stock: ATG
2023-12-07 01:35:52 - INFO - Added new stock: ATH
2023-12-07 01:35:52 - INFO - Added new stock: ATOM
2023-12-07 01:35:52 - INFO - Added new stock: ATP
2023-12-07 01:35:52 - INFO - Added new stock: ATM
2023-12-07 01:35:52 - INFO - Added new stock: ATS
2023-12-07 01:35:52 - INFO - Added new stock: ATR
2023-12-07 01:35:52 - INFO - Added new stock: ATU
2023-12-07 01:35:52 - INFO - Added new stock: ATV
2023-12-07 01:35:52 - INFO - Added new stock: AU1
2023-12-07 01:35:52 - INFO - Added new stock: ATXN
2023-12-07 01:35:52 - INFO - Added new stock: ATX
2023-12-07 01:35:52 - INFO - Added new stock: AUA
2023-12-07 01:35:52 - INFO - Added new stock: AUB
2023-12-07 01:35:52 - INFO - Added new stock: AUG
2023-12-07 01:35:52 - INFO - Added new stock: AUC
2023-12-07 01:35:53 - INFO - Added new stock: AUE
2023-12-07 01:35:53 - INFO - Added new stock: AUDS
2023-12-07 01:35:53 - INFO - Added new stock: AUH
2023-12-07 01:35:53 - INFO - Added new stock: AUN
2023-12-07 01:35:53 - INFO - Added new stock: AUK
2023-12-07 01:35:53 - INFO - Added new stock: AUMF
2023-12-07 01:35:53 - INFO - Added new stock: AUI
2023-12-07 01:35:53 - INFO - Added new stock: AUQ
2023-12-07 01:35:53 - INFO - Added new stock: AUR
2023-12-07 01:35:53 - INFO - Added new stock: AUNR
2023-12-07 01:35:53 - INFO - Added new stock: AUST
2023-12-07 01:35:53 - INFO - Added new stock: AV1
2023-12-07 01:35:53 - INFO - Added new stock: AUZ
2023-12-07 01:35:53 - INFO - Added new stock: AV1NA
2023-12-07 01:35:53 - INFO - Added new stock: AVA
2023-12-07 01:35:53 - INFO - Added new stock: AVE
2023-12-07 01:35:53 - INFO - Added new stock: AVC
2023-12-07 01:35:53 - INFO - Added new stock: AVD
2023-12-07 01:35:55 - INFO - Added new stock: AVJ
2023-12-07 01:35:55 - INFO - Added new stock: AVG
2023-12-07 01:35:55 - INFO - Added new stock: AVH
2023-12-07 01:35:55 - INFO - Added new stock: AVL
2023-12-07 01:35:55 - INFO - Added new stock: AVM
2023-12-07 01:35:55 - INFO - Added new stock: AVR
2023-12-07 01:35:55 - INFO - Added new stock: AVZ
2023-12-07 01:35:55 - INFO - Added new stock: AVW
2023-12-07 01:35:55 - INFO - Added new stock: AVRN
2023-12-07 01:35:55 - INFO - Added new stock: AW1
2023-12-07 01:35:55 - INFO - Added new stock: AWC
2023-12-07 01:35:55 - INFO - Added new stock: AXE
2023-12-07 01:35:55 - INFO - Added new stock: AX8
2023-12-07 01:35:55 - INFO - Added new stock: AX1
2023-12-07 01:35:55 - INFO - Added new stock: AWJ
2023-12-07 01:35:56 - INFO - Added new stock: BAS
2023-12-07 01:35:56 - INFO - Added new stock: AZL
2023-12-07 01:35:56 - INFO - Added new stock: AXI
2023-12-07 01:35:56 - INFO - Added new stock: AWVNA
2023-12-07 01:35:56 - INFO - Added new stock: AZJ
2023-12-07 01:35:56 - INFO - Added new stock: AZI
2023-12-07 01:35:56 - INFO - Added new stock: AYT
2023-12-07 01:35:56 - INFO - Added new stock: AYM
2023-12-07 01:35:56 - INFO - Added new stock: AYUHB
2023-12-07 01:35:56 - INFO - Added new stock: AYLD
2023-12-07 01:35:56 - INFO - Added new stock: BAP
2023-12-07 01:35:56 - INFO - Added new stock: AXN
2023-12-07 01:35:56 - INFO - Added new stock: AYI
2023-12-07 01:35:56 - INFO - Added new stock: AXP
2023-12-07 01:35:56 - INFO - Added new stock: AYA
2023-12-07 01:35:56 - INFO - Added new stock: AZS
2023-12-07 01:35:56 - INFO - Added new stock: AZY
2023-12-07 01:35:56 - INFO - Added new stock: BAOR
2023-12-07 01:35:56 - INFO - Added new stock: B4P
2023-12-07 01:35:56 - INFO - Added new stock: BBOZ
2023-12-07 01:35:57 - INFO - Added new stock: BBFD
2023-12-07 01:35:57 - INFO - Added new stock: BBCN
2023-12-07 01:35:57 - INFO - Added new stock: BBL
2023-12-07 01:35:57 - INFO - Added new stock: BBC
2023-12-07 01:35:57 - INFO - Added new stock: BBN
2023-12-07 01:35:57 - INFO - Added new stock: BBT
2023-12-07 01:35:57 - INFO - Added new stock: BBAB
2023-12-07 01:35:57 - INFO - Added new stock: BAT
2023-12-07 01:35:57 - INFO - Added new stock: BASNE
2023-12-07 01:35:57 - INFO - Added new stock: BBX
2023-12-07 01:35:57 - INFO - Added new stock: BBUS
2023-12-07 01:35:57 - INFO - Added new stock: BC8
2023-12-07 01:35:57 - INFO - Added new stock: BCA
2023-12-07 01:35:59 - INFO - Added new stock: BCB
2023-12-07 01:35:59 - INFO - Added new stock: BCC
2023-12-07 01:35:59 - INFO - Added new stock: BCI
2023-12-07 01:35:59 - INFO - Added new stock: BCBN
2023-12-07 01:35:59 - INFO - Added new stock: BCK
2023-12-07 01:35:59 - INFO - Added new stock: BCN
2023-12-07 01:35:59 - INFO - Added new stock: BDM
2023-12-07 01:35:59 - INFO - Added new stock: BDG
2023-12-07 01:35:59 - INFO - Added new stock: BCOM
2023-12-07 01:35:59 - INFO - Added new stock: BCT
2023-12-07 01:35:59 - INFO - Added new stock: BDT
2023-12-07 01:35:59 - INFO - Added new stock: BEE
2023-12-07 01:35:59 - INFO - Added new stock: BEL
2023-12-07 01:35:59 - INFO - Added new stock: BDX
2023-12-07 01:35:59 - INFO - Added new stock: BEAR
2023-12-07 01:35:59 - INFO - Added new stock: BEN
2023-12-07 01:35:59 - INFO - Added new stock: BENPD
2023-12-07 01:35:59 - INFO - Added new stock: BENHB
2023-12-07 01:35:59 - INFO - Added new stock: BENPG
2023-12-07 01:35:59 - INFO - Added new stock: BENPH
2023-12-07 01:36:00 - INFO - Added new stock: BEO
2023-12-07 01:36:00 - INFO - Added new stock: BET
2023-12-07 01:36:00 - INFO - Added new stock: BEXN
2023-12-07 01:36:00 - INFO - Added new stock: BEZ
2023-12-07 01:36:00 - INFO - Added new stock: BFG
2023-12-07 01:36:00 - INFO - Added new stock: BFC
2023-12-07 01:36:00 - INFO - Added new stock: BGBL
2023-12-07 01:36:00 - INFO - Added new stock: BFL
2023-12-07 01:36:00 - INFO - Added new stock: BGA
2023-12-07 01:36:00 - INFO - Added new stock: BGD
2023-12-07 01:36:00 - INFO - Added new stock: BGE
2023-12-07 01:36:00 - INFO - Added new stock: BGL
2023-12-07 01:36:00 - INFO - Added new stock: BGP
2023-12-07 01:36:00 - INFO - Added new stock: BHP
2023-12-07 01:36:00 - INFO - Added new stock: BHD
2023-12-07 01:36:00 - INFO - Added new stock: BGT
2023-12-07 01:36:00 - INFO - Added new stock: BHYB
2023-12-07 01:36:00 - INFO - Added new stock: BILL
2023-12-07 01:36:00 - INFO - Added new stock: BIO
2023-12-07 01:36:01 - INFO - Added new stock: BIM
2023-12-07 01:36:01 - INFO - Added new stock: BIT
2023-12-07 01:36:01 - INFO - Added new stock: BIS
2023-12-07 01:36:01 - INFO - Added new stock: BKI
2023-12-07 01:36:01 - INFO - Added new stock: BITNE
2023-12-07 01:36:01 - INFO - Added new stock: BKG
2023-12-07 01:36:01 - INFO - Added new stock: BKT
2023-12-07 01:36:01 - INFO - Added new stock: BKW
2023-12-07 01:36:02 - INFO - Added new stock: BLG
2023-12-07 01:36:02 - INFO - Added new stock: BLGNA
2023-12-07 01:36:02 - INFO - Added new stock: BLD
2023-12-07 01:36:02 - INFO - Added new stock: BKY
2023-12-07 01:36:02 - INFO - Added new stock: BLU
2023-12-07 01:36:02 - INFO - Added new stock: BLX
2023-12-07 01:36:02 - INFO - Added new stock: BMG
2023-12-07 01:36:03 - INFO - Added new stock: BMEN
2023-12-07 01:36:03 - INFO - Added new stock: BM8.FAKE
2023-12-07 01:36:03 - INFO - Added new stock: BME
2023-12-07 01:36:03 - INFO - Added new stock: BM8
2023-12-07 01:36:03 - INFO - Added new stock: BLY
2023-12-07 01:36:03 - INFO - Added new stock: BMH
2023-12-07 01:36:03 - INFO - Added new stock: BML
2023-12-07 01:36:03 - INFO - Added new stock: BLZ
2023-12-07 01:36:03 - INFO - Added new stock: BMM
2023-12-07 01:36:03 - INFO - Added new stock: BMR
2023-12-07 01:36:03 - INFO - Added new stock: BMO
2023-12-07 01:36:03 - INFO - Added new stock: BMN
2023-12-07 01:36:03 - INFO - Added new stock: BNL
2023-12-07 01:36:03 - INFO - Added new stock: BNKS
2023-12-07 01:36:03 - INFO - Added new stock: BNDS
2023-12-07 01:36:03 - INFO - Added new stock: BMT
2023-12-07 01:36:03 - INFO - Added new stock: BNRNA
2023-12-07 01:36:03 - INFO - Added new stock: BNR
2023-12-07 01:36:03 - INFO - Added new stock: BNONA
2023-12-07 01:36:03 - INFO - Added new stock: BNZ
2023-12-07 01:36:04 - INFO - Added new stock: BOAN
2023-12-07 01:36:04 - INFO - Added new stock: BOC
2023-12-07 01:36:04 - INFO - Added new stock: BOA
2023-12-07 01:36:04 - INFO - Added new stock: BOND
2023-12-07 01:36:04 - INFO - Added new stock: BOL
2023-12-07 01:36:04 - INFO - Added new stock: BOE
2023-12-07 01:36:04 - INFO - Added new stock: BOD
2023-12-07 01:36:04 - INFO - Added new stock: BOQ
2023-12-07 01:36:04 - INFO - Added new stock: BOQPF
2023-12-07 01:36:04 - INFO - Added new stock: BOQPD
2023-12-07 01:36:04 - INFO - Added new stock: BOQPG
2023-12-07 01:36:04 - INFO - Added new stock: BOQPE
2023-12-07 01:36:04 - INFO - Added new stock: BOT
2023-12-07 01:36:04 - INFO - Added new stock: BPM
2023-12-07 01:36:04 - INFO - Added new stock: BPH
2023-12-07 01:36:04 - INFO - Added new stock: BPT
2023-12-07 01:36:04 - INFO - Added new stock: BRG
2023-12-07 01:36:04 - INFO - Added new stock: BP8
2023-12-07 01:36:04 - INFO - Added new stock: BPP
2023-12-07 01:36:04 - INFO - Added new stock: BRK
2023-12-07 01:36:05 - INFO - Added new stock: BRI
2023-12-07 01:36:06 - INFO - Added new stock: BRU
2023-12-07 01:36:06 - INFO - Added new stock: BRX
2023-12-07 01:36:06 - INFO - Added new stock: BRN
2023-12-07 01:36:06 - INFO - Added new stock: BRUN
2023-12-07 01:36:06 - INFO - Added new stock: BRL
2023-12-07 01:36:06 - INFO - Added new stock: BSL
2023-12-07 01:36:06 - INFO - Added new stock: BSA
2023-12-07 01:36:06 - INFO - Added new stock: BSE
2023-12-07 01:36:06 - INFO - Added new stock: BSN
2023-12-07 01:36:06 - INFO - Added new stock: BTC
2023-12-07 01:36:06 - INFO - Added new stock: BSX
2023-12-07 01:36:06 - INFO - Added new stock: BTH
2023-12-07 01:36:06 - INFO - Added new stock: BTE
2023-12-07 01:36:06 - INFO - Added new stock: BUR
2023-12-07 01:36:06 - INFO - Added new stock: BUGG
2023-12-07 01:36:07 - INFO - Added new stock: BUDNA
2023-12-07 01:36:07 - INFO - Added new stock: BTR
2023-12-07 01:36:07 - INFO - Added new stock: BUB
2023-12-07 01:36:07 - INFO - Added new stock: BTN
2023-12-07 01:36:07 - INFO - Added new stock: BTI
2023-12-07 01:36:07 - INFO - Added new stock: BUY
2023-12-07 01:36:07 - INFO - Added new stock: BUX
2023-12-07 01:36:07 - INFO - Added new stock: BUS
2023-12-07 01:36:07 - INFO - Added new stock: BVR
2023-12-07 01:36:08 - INFO - Added new stock: BVS
2023-12-07 01:36:08 - INFO - Added new stock: BYE
2023-12-07 01:36:08 - INFO - Added new stock: BXN
2023-12-07 01:36:08 - INFO - Added new stock: BYH
2023-12-07 01:36:08 - INFO - Added new stock: BXB
2023-12-07 01:36:08 - INFO - Added new stock: BWX
2023-12-07 01:36:08 - INFO - Added new stock: BWF
2023-12-07 01:36:08 - INFO - Added new stock: BWP
2023-12-07 01:36:08 - INFO - Added new stock: CAQ
2023-12-07 01:36:08 - INFO - Added new stock: CAPNB
2023-12-07 01:36:08 - INFO - Added new stock: CAN
2023-12-07 01:36:08 - INFO - Added new stock: CAMPA
2023-12-07 01:36:08 - INFO - Added new stock: CAM
2023-12-07 01:36:08 - INFO - Added new stock: CAJ
2023-12-07 01:36:08 - INFO - Added new stock: CAI
2023-12-07 01:36:08 - INFO - Added new stock: CAG
2023-12-07 01:36:08 - INFO - Added new stock: CAF
2023-12-07 01:36:08 - INFO - Added new stock: CAE
2023-12-07 01:36:08 - INFO - Added new stock: CAA
2023-12-07 01:36:09 - INFO - Added new stock: C7A
2023-12-07 01:36:09 - INFO - Added new stock: C79
2023-12-07 01:36:09 - INFO - Added new stock: C29
2023-12-07 01:36:09 - INFO - Added new stock: CAR
2023-12-07 01:36:09 - INFO - Added new stock: C1X
2023-12-07 01:36:10 - INFO - Added new stock: CAZ
2023-12-07 01:36:10 - INFO - Added new stock: CARN
2023-12-07 01:36:10 - INFO - Added new stock: CAT
2023-12-07 01:36:10 - INFO - Added new stock: CAV
2023-12-07 01:36:10 - INFO - Added new stock: CAY
2023-12-07 01:36:10 - INFO - Added new stock: CBA
2023-12-07 01:36:10 - INFO - Added new stock: CBAPG
2023-12-07 01:36:10 - INFO - Added new stock: CBAPH
2023-12-07 01:36:10 - INFO - Added new stock: CBAPI
2023-12-07 01:36:10 - INFO - Added new stock: CBAPJ
2023-12-07 01:36:11 - INFO - Added new stock: CBAPK
2023-12-07 01:36:11 - INFO - Added new stock: CC9
2023-12-07 01:36:11 - INFO - Added new stock: CBY
2023-12-07 01:36:11 - INFO - Added new stock: CBO
2023-12-07 01:36:11 - INFO - Added new stock: CBL
2023-12-07 01:36:11 - INFO - Added new stock: CBH
2023-12-07 01:36:11 - INFO - Added new stock: CBE
2023-12-07 01:36:11 - INFO - Added new stock: CBAPL
2023-12-07 01:36:11 - INFO - Added new stock: CBAPM
2023-12-07 01:36:11 - INFO - Added new stock: CCO
2023-12-07 01:36:11 - INFO - Added new stock: CCM
2023-12-07 01:36:11 - INFO - Added new stock: CCG
2023-12-07 01:36:11 - INFO - Added new stock: CCE
2023-12-07 01:36:11 - INFO - Added new stock: CCP
2023-12-07 01:36:11 - INFO - Added new stock: CCA
2023-12-07 01:36:11 - INFO - Added new stock: CCV
2023-12-07 01:36:11 - INFO - Added new stock: CCR
2023-12-07 01:36:11 - INFO - Added new stock: CD1
2023-12-07 01:36:11 - INFO - Added new stock: CCZ
2023-12-07 01:36:11 - INFO - Added new stock: CCX
2023-12-07 01:36:12 - INFO - Added new stock: CD3
2023-12-07 01:36:12 - INFO - Added new stock: CDD
2023-12-07 01:36:12 - INFO - Added new stock: CD2
2023-12-07 01:36:12 - INFO - Added new stock: CDA
2023-12-07 01:36:12 - INFO - Added new stock: CDM
2023-12-07 01:36:12 - INFO - Added new stock: CDO
2023-12-07 01:36:12 - INFO - Added new stock: CDR
2023-12-07 01:36:12 - INFO - Added new stock: CDP
2023-12-07 01:36:12 - INFO - Added new stock: CETF
2023-12-07 01:36:12 - INFO - Added new stock: CF1
2023-12-07 01:36:12 - INFO - Added new stock: CEN
2023-12-07 01:36:12 - INFO - Added new stock: CEL
2023-12-07 01:36:12 - INFO - Added new stock: CE1
2023-12-07 01:36:12 - INFO - Added new stock: CDX
2023-12-07 01:36:12 - INFO - Added new stock: CDTNA
2023-12-07 01:36:12 - INFO - Added new stock: CDT
2023-12-07 01:36:12 - INFO - Added new stock: CFLO
2023-12-07 01:36:12 - INFO - Added new stock: CFE
2023-12-07 01:36:14 - INFO - Added new stock: CGC
2023-12-07 01:36:14 - INFO - Added new stock: CGB
2023-12-07 01:36:14 - INFO - Added new stock: CG1
2023-12-07 01:36:14 - INFO - Added new stock: CG1NA
2023-12-07 01:36:14 - INFO - Added new stock: CFO
2023-12-07 01:36:14 - INFO - Added new stock: CGCN
2023-12-07 01:36:14 - INFO - Added new stock: CGFPB
2023-12-07 01:36:14 - INFO - Added new stock: CGF
2023-12-07 01:36:14 - INFO - Added new stock: CGFPD
2023-12-07 01:36:14 - INFO - Added new stock: CGFPC
2023-12-07 01:36:14 - INFO - Added new stock: CGS
2023-12-07 01:36:14 - INFO - Added new stock: CGR
2023-12-07 01:36:14 - INFO - Added new stock: CGO
2023-12-07 01:36:14 - INFO - Added new stock: CHC
2023-12-07 01:36:14 - INFO - Added new stock: CHL
2023-12-07 01:36:14 - INFO - Added new stock: CHK
2023-12-07 01:36:14 - INFO - Added new stock: CKA
2023-12-07 01:36:14 - INFO - Added new stock: CIA
2023-12-07 01:36:14 - INFO - Added new stock: CI1
2023-12-07 01:36:14 - INFO - Added new stock: CHW
2023-12-07 01:36:15 - INFO - Added new stock: CHR
2023-12-07 01:36:15 - INFO - Added new stock: CHMN
2023-12-07 01:36:15 - INFO - Added new stock: CHN
2023-12-07 01:36:15 - INFO - Added new stock: CHM
2023-12-07 01:36:15 - INFO - Added new stock: CIW
2023-12-07 01:36:15 - INFO - Added new stock: CIP
2023-12-07 01:36:15 - INFO - Added new stock: CIONC
2023-12-07 01:36:15 - INFO - Added new stock: CIO
2023-12-07 01:36:15 - INFO - Added new stock: CIN
2023-12-07 01:36:15 - INFO - Added new stock: CLB
2023-12-07 01:36:15 - INFO - Added new stock: CKF
2023-12-07 01:36:15 - INFO - Added new stock: CL8
2023-12-07 01:36:15 - INFO - Added new stock: CLA
2023-12-07 01:36:15 - INFO - Added new stock: CL8NE
2023-12-07 01:36:15 - INFO - Added new stock: CLDD
2023-12-07 01:36:15 - INFO - Added new stock: CLE
2023-12-07 01:36:15 - INFO - Added new stock: CMP
2023-12-07 01:36:15 - INFO - Added new stock: CLU
2023-12-07 01:36:15 - INFO - Added new stock: CLNE
2023-12-07 01:36:15 - INFO - Added new stock: CLG
2023-12-07 01:36:16 - INFO - Added new stock: CMO
2023-12-07 01:36:16 - INFO - Added new stock: CMM
2023-12-07 01:36:16 - INFO - Added new stock: CMD
2023-12-07 01:36:16 - INFO - Added new stock: CLZ
2023-12-07 01:36:16 - INFO - Added new stock: CMG
2023-12-07 01:36:16 - INFO - Added new stock: CLW
2023-12-07 01:36:16 - INFO - Added new stock: CLX
2023-12-07 01:36:16 - INFO - Added new stock: CLV
2023-12-07 01:36:17 - INFO - Added new stock: CNB
2023-12-07 01:36:17 - INFO - Added new stock: CNU
2023-12-07 01:36:17 - INFO - Added new stock: CMX
2023-12-07 01:36:17 - INFO - Added new stock: CNW
2023-12-07 01:36:17 - INFO - Added new stock: CNI
2023-12-07 01:36:17 - INFO - Added new stock: CNQ
2023-12-07 01:36:18 - INFO - Added new stock: CNJND
2023-12-07 01:36:18 - INFO - Added new stock: CNJ
2023-12-07 01:36:18 - INFO - Added new stock: CMW
2023-12-07 01:36:18 - INFO - Added new stock: COE
2023-12-07 01:36:18 - INFO - Added new stock: COB
2023-12-07 01:36:18 - INFO - Added new stock: CNEW
2023-12-07 01:36:18 - INFO - Added new stock: COF
2023-12-07 01:36:18 - INFO - Added new stock: COD
2023-12-07 01:36:18 - INFO - Added new stock: COG
2023-12-07 01:36:18 - INFO - Added new stock: COI
2023-12-07 01:36:18 - INFO - Added new stock: COH
2023-12-07 01:36:18 - INFO - Added new stock: CPM
2023-12-07 01:36:18 - INFO - Added new stock: COL
2023-12-07 01:36:18 - INFO - Added new stock: COYN
2023-12-07 01:36:18 - INFO - Added new stock: COV
2023-12-07 01:36:18 - INFO - Added new stock: COY
2023-12-07 01:36:18 - INFO - Added new stock: COS
2023-12-07 01:36:18 - INFO - Added new stock: CPN
2023-12-07 01:36:18 - INFO - Added new stock: CPV
2023-12-07 01:36:18 - INFO - Added new stock: CPO
2023-12-07 01:36:18 - INFO - Added new stock: CPUN
2023-12-07 01:36:19 - INFO - Added new stock: CPU
2023-12-07 01:36:19 - INFO - Added new stock: CQE
2023-12-07 01:36:19 - INFO - Added new stock: CR1
2023-12-07 01:36:19 - INFO - Added new stock: CRD
2023-12-07 01:36:19 - INFO - Added new stock: CQR
2023-12-07 01:36:19 - INFO - Added new stock: CRB
2023-12-07 01:36:19 - INFO - Added new stock: CR9
2023-12-07 01:36:19 - INFO - Added new stock: CRL
2023-12-07 01:36:19 - INFO - Added new stock: CRED
2023-12-07 01:36:19 - INFO - Added new stock: CRN
2023-12-07 01:36:19 - INFO - Added new stock: CRM
2023-12-07 01:36:19 - INFO - Added new stock: CRR
2023-12-07 01:36:19 - INFO - Added new stock: CSF
2023-12-07 01:36:19 - INFO - Added new stock: CSE
2023-12-07 01:36:19 - INFO - Added new stock: CRYP
2023-12-07 01:36:19 - INFO - Added new stock: CRS
2023-12-07 01:36:19 - INFO - Added new stock: CSR
2023-12-07 01:36:19 - INFO - Added new stock: CSM
2023-12-07 01:36:19 - INFO - Added new stock: CSL
2023-12-07 01:36:19 - INFO - Added new stock: CSS
2023-12-07 01:36:20 - INFO - Added new stock: CST
2023-12-07 01:36:21 - INFO - Added new stock: CSX
2023-12-07 01:36:21 - INFO - Added new stock: CTP
2023-12-07 01:36:21 - INFO - Added new stock: CT1
2023-12-07 01:36:21 - INFO - Added new stock: CTQ
2023-12-07 01:36:21 - INFO - Added new stock: CTO
2023-12-07 01:36:21 - INFO - Added new stock: CTN
2023-12-07 01:36:21 - INFO - Added new stock: CTM
2023-12-07 01:36:21 - INFO - Added new stock: CTD
2023-12-07 01:36:21 - INFO - Added new stock: CTE
2023-12-07 01:36:21 - INFO - Added new stock: CTT
2023-12-07 01:36:21 - INFO - Added new stock: CUE
2023-12-07 01:36:21 - INFO - Added new stock: CUF
2023-12-07 01:36:21 - INFO - Added new stock: CU6
2023-12-07 01:36:21 - INFO - Added new stock: CUL
2023-12-07 01:36:21 - INFO - Added new stock: CUS
2023-12-07 01:36:21 - INFO - Added new stock: CURE
2023-12-07 01:36:22 - INFO - Added new stock: CUV
2023-12-07 01:36:22 - INFO - Added new stock: CVB
2023-12-07 01:36:22 - INFO - Added new stock: CUP
2023-12-07 01:36:22 - INFO - Added new stock: CVN
2023-12-07 01:36:22 - INFO - Added new stock: CVL
2023-12-07 01:36:22 - INFO - Added new stock: CVC
2023-12-07 01:36:22 - INFO - Added new stock: CVR
2023-12-07 01:36:22 - INFO - Added new stock: CVSNB
2023-12-07 01:36:22 - INFO - Added new stock: CVSNA
2023-12-07 01:36:22 - INFO - Added new stock: CVV
2023-12-07 01:36:22 - INFO - Added new stock: CVW
2023-12-07 01:36:22 - INFO - Added new stock: CWP
2023-12-07 01:36:22 - INFO - Added new stock: CWNHB
2023-12-07 01:36:22 - INFO - Added new stock: CWX
2023-12-07 01:36:22 - INFO - Added new stock: CWY
2023-12-07 01:36:22 - INFO - Added new stock: CXL
2023-12-07 01:36:22 - INFO - Added new stock: CXM
2023-12-07 01:36:22 - INFO - Added new stock: CXMN
2023-12-07 01:36:22 - INFO - Added new stock: CXO
2023-12-07 01:36:22 - INFO - Added new stock: CXU
2023-12-07 01:36:22 - INFO - Added new stock: CY5
2023-12-07 01:36:23 - INFO - Added new stock: CXZ
2023-12-07 01:36:23 - INFO - Added new stock: CXX
2023-12-07 01:36:23 - INFO - Added new stock: CYC
2023-12-07 01:36:23 - INFO - Added new stock: CYL
2023-12-07 01:36:23 - INFO - Added new stock: CYG
2023-12-07 01:36:23 - INFO - Added new stock: CYM
2023-12-07 01:36:23 - INFO - Added new stock: CYMN
2023-12-07 01:36:23 - INFO - Added new stock: CYP
2023-12-07 01:36:23 - INFO - Added new stock: CYQ
2023-12-07 01:36:23 - INFO - Added new stock: CYQNC
2023-12-07 01:36:23 - INFO - Added new stock: CZN
2023-12-07 01:36:24 - INFO - Added new stock: CZNN
2023-12-07 01:36:24 - INFO - Added new stock: CZR
2023-12-07 01:36:24 - INFO - Added new stock: DAF
2023-12-07 01:36:24 - INFO - Added new stock: DACE
2023-12-07 01:36:24 - INFO - Added new stock: D2O
2023-12-07 01:36:25 - INFO - Added new stock: DAL
2023-12-07 01:36:25 - INFO - Added new stock: DAOR
2023-12-07 01:36:25 - INFO - Added new stock: DBF
2023-12-07 01:36:25 - INFO - Added new stock: DBI
2023-12-07 01:36:25 - INFO - Added new stock: DBBF
2023-12-07 01:36:25 - INFO - Added new stock: DBO
2023-12-07 01:36:25 - INFO - Added new stock: DDB
2023-12-07 01:36:25 - INFO - Added new stock: DCC
2023-12-07 01:36:25 - INFO - Added new stock: DCX
2023-12-07 01:36:25 - INFO - Added new stock: DCG
2023-12-07 01:36:25 - INFO - Added new stock: DCGPA
2023-12-07 01:36:25 - INFO - Added new stock: DCL
2023-12-07 01:36:25 - INFO - Added new stock: DDT
2023-12-07 01:36:25 - INFO - Added new stock: DDR
2023-12-07 01:36:25 - INFO - Added new stock: DEG
2023-12-07 01:36:25 - INFO - Added new stock: DEL
2023-12-07 01:36:25 - INFO - Added new stock: DEM
2023-12-07 01:36:25 - INFO - Added new stock: DGCE
2023-12-07 01:36:25 - INFO - Added new stock: DFGH
2023-12-07 01:36:25 - INFO - Added new stock: DEV
2023-12-07 01:36:25 - INFO - Added new stock: DES
2023-12-07 01:36:26 - INFO - Added new stock: DGGF
2023-12-07 01:36:26 - INFO - Added new stock: DGL
2023-12-07 01:36:26 - INFO - Added new stock: DHG
2023-12-07 01:36:26 - INFO - Added new stock: DGH
2023-12-07 01:36:26 - INFO - Added new stock: DGR
2023-12-07 01:36:26 - INFO - Added new stock: DHOF
2023-12-07 01:36:26 - INFO - Added new stock: DHHF
2023-12-07 01:36:26 - INFO - Added new stock: DMP
2023-12-07 01:36:26 - INFO - Added new stock: DJRE
2023-12-07 01:36:26 - INFO - Added new stock: DJW
2023-12-07 01:36:26 - INFO - Added new stock: DMM
2023-12-07 01:36:26 - INFO - Added new stock: DMG
2023-12-07 01:36:26 - INFO - Added new stock: DME
2023-12-07 01:36:26 - INFO - Added new stock: DMC
2023-12-07 01:36:26 - INFO - Added new stock: DM1
2023-12-07 01:36:26 - INFO - Added new stock: DLM
2023-12-07 01:36:26 - INFO - Added new stock: DLI
2023-12-07 01:36:26 - INFO - Added new stock: DKM
2023-12-07 01:36:26 - INFO - Added new stock: DOR
2023-12-07 01:36:27 - INFO - Added new stock: DOC
2023-12-07 01:36:27 - INFO - Added new stock: DNK
2023-12-07 01:36:27 - INFO - Added new stock: DNA
2023-12-07 01:36:28 - INFO - Added new stock: DRE
2023-12-07 01:36:28 - INFO - Added new stock: DOU
2023-12-07 01:36:28 - INFO - Added new stock: DRA
2023-12-07 01:36:28 - INFO - Added new stock: DOW
2023-12-07 01:36:28 - INFO - Added new stock: DRIV
2023-12-07 01:36:28 - INFO - Added new stock: DRO
2023-12-07 01:36:28 - INFO - Added new stock: DRUG
2023-12-07 01:36:28 - INFO - Added new stock: DRR
2023-12-07 01:36:28 - INFO - Added new stock: DRX
2023-12-07 01:36:28 - INFO - Added new stock: DSE
2023-12-07 01:36:28 - INFO - Added new stock: DTC
2023-12-07 01:36:28 - INFO - Added new stock: DTI
2023-12-07 01:36:28 - INFO - Added new stock: DSK
2023-12-07 01:36:28 - INFO - Added new stock: DTL
2023-12-07 01:36:28 - INFO - Added new stock: DTM
2023-12-07 01:36:29 - INFO - Added new stock: DTR
2023-12-07 01:36:29 - INFO - Added new stock: DTZ
2023-12-07 01:36:29 - INFO - Added new stock: DUB
2023-12-07 01:36:29 - INFO - Added new stock: DUG
2023-12-07 01:36:29 - INFO - Added new stock: DUI
2023-12-07 01:36:29 - INFO - Added new stock: DUN
2023-12-07 01:36:29 - INFO - Added new stock: DVDY
2023-12-07 01:36:29 - INFO - Added new stock: DVL
2023-12-07 01:36:29 - INFO - Added new stock: DUR
2023-12-07 01:36:29 - INFO - Added new stock: DVP
2023-12-07 01:36:29 - INFO - Added new stock: DVR
2023-12-07 01:36:29 - INFO - Added new stock: DXB
2023-12-07 01:36:29 - INFO - Added new stock: DXC
2023-12-07 01:36:29 - INFO - Added new stock: DXI
2023-12-07 01:36:29 - INFO - Added new stock: DXN
2023-12-07 01:36:29 - INFO - Added new stock: DXNNB
2023-12-07 01:36:29 - INFO - Added new stock: DYLNC
2023-12-07 01:36:29 - INFO - Added new stock: DYM
