2024-05-03 22:00:50,711 - ERROR - Error calculating SMA/RSI for 1ADN: list index out of range
2024-05-03 22:00:50,733 - ERROR - Error calculating SMA/RSI for 1STN: list index out of range
2024-05-03 22:00:50,739 - ERROR - Error calculating SMA/RSI for 1AGNA: list index out of range
2024-05-03 22:00:50,859 - ERROR - Error calculating SMA/RSI for AAUNB: list index out of range
2024-05-03 22:00:50,900 - ERROR - Error calculating SMA/RSI for ACQN: list index out of range
2024-05-03 22:00:50,964 - ERROR - Error calculating SMA/RSI for ACBN: list index out of range
2024-05-03 22:00:50,978 - ERROR - Error calculating SMA/RSI for ADDNB: list index out of range
2024-05-03 22:00:51,034 - ERROR - Error calculating SMA/RSI for ADSN: list index out of range
2024-05-03 22:00:51,047 - ERROR - Error calculating SMA/RSI for AFWN: list index out of range
2024-05-03 22:00:51,102 - ERROR - Error calculating SMA/RSI for AGRN: list index out of range
2024-05-03 22:00:51,133 - ERROR - Error calculating SMA/RSI for RGLN: list index out of range
2024-05-03 22:00:51,175 - ERROR - Error calculating SMA/RSI for YTMANZ: list index out of range
2024-05-03 22:00:51,186 - ERROR - Error calculating SMA/RSI for YTMF10: list index out of range
2024-05-03 22:00:51,188 - ERROR - Error calculating SMA/RSI for XTEN: list index out of range
2024-05-03 22:00:51,189 - ERROR - Error calculating SMA/RSI for YTMMQG: list index out of range
2024-05-03 22:00:51,190 - ERROR - Error calculating SMA/RSI for YTMMGR: list index out of range
2024-05-03 22:00:51,203 - ERROR - Error calculating SMA/RSI for AGSN: list index out of range
2024-05-03 22:00:51,267 - ERROR - Error calculating SMA/RSI for SAVE: list index out of range
2024-05-03 22:00:51,315 - ERROR - Error calculating SMA/RSI for RWDN: list index out of range
2024-05-03 22:00:51,321 - ERROR - Error calculating SMA/RSI for AJXN: list index out of range
2024-05-03 22:00:51,329 - ERROR - Error calculating SMA/RSI for FG1NA: list index out of range
2024-05-03 22:00:51,334 - ERROR - Error calculating SMA/RSI for ICGR: list index out of range
2024-05-03 22:00:51,338 - ERROR - Error calculating SMA/RSI for OSXN: list index out of range
2024-05-03 22:00:51,343 - ERROR - Error calculating SMA/RSI for VTXN: list index out of range
2024-05-03 22:00:51,387 - ERROR - Error calculating SMA/RSI for H2GN: list index out of range
2024-05-03 22:00:51,402 - ERROR - Error calculating SMA/RSI for UBINB: list index out of range
2024-05-03 22:00:51,405 - ERROR - Error calculating SMA/RSI for ZNON: list index out of range
2024-05-03 22:00:51,461 - ERROR - Error calculating SMA/RSI for SBMN: list index out of range
2024-05-03 22:00:51,464 - ERROR - Error calculating SMA/RSI for ERLN: list index out of range
2024-05-03 22:00:51,471 - ERROR - Error calculating SMA/RSI for HYTN: list index out of range
2024-05-03 22:00:51,476 - ERROR - Error calculating SMA/RSI for LPDN: list index out of range
2024-05-03 22:00:51,482 - ERROR - Error calculating SMA/RSI for VRXND: list index out of range
2024-05-03 22:00:51,522 - ERROR - Error calculating SMA/RSI for AKNN: list index out of range
2024-05-03 22:00:51,542 - ERROR - Error calculating SMA/RSI for ALLN: list index out of range
2024-05-03 22:00:51,549 - ERROR - Error calculating SMA/RSI for ALINA: list index out of range
2024-05-03 22:00:51,591 - ERROR - Error calculating SMA/RSI for AJMN: list index out of range
2024-05-03 22:00:51,596 - ERROR - Error calculating SMA/RSI for ALYN: list index out of range
2024-05-03 22:00:51,660 - ERROR - Error calculating SMA/RSI for ANONC: list index out of range
2024-05-03 22:00:51,665 - ERROR - Error calculating SMA/RSI for ANPNB: list index out of range
2024-05-03 22:00:51,749 - ERROR - Error calculating SMA/RSI for APCN: list index out of range
2024-05-03 22:00:51,792 - ERROR - Error calculating SMA/RSI for ARCNB: list index out of range
2024-05-03 22:00:51,840 - ERROR - Error calculating SMA/RSI for ASMN: list index out of range
2024-05-03 22:00:51,894 - ERROR - Error calculating SMA/RSI for RYDNA: list index out of range
2024-05-03 22:00:51,972 - ERROR - Error calculating SMA/RSI for MELNA: list index out of range
2024-05-03 22:00:51,999 - ERROR - Error calculating SMA/RSI for MOQN: list index out of range
2024-05-03 22:00:52,088 - ERROR - Error calculating SMA/RSI for MG1: list index out of range
2024-05-03 22:00:52,193 - ERROR - Error calculating SMA/RSI for MEBN: list index out of range
2024-05-03 22:00:52,205 - ERROR - Error calculating SMA/RSI for MGTNF: list index out of range
2024-05-03 22:00:52,330 - ERROR - Error calculating SMA/RSI for ATXN: list index out of range
2024-05-03 22:00:52,424 - ERROR - Error calculating SMA/RSI for AUNR: list index out of range
2024-05-03 22:00:52,454 - ERROR - Error calculating SMA/RSI for AV1NA: list index out of range
2024-05-03 22:00:52,471 - ERROR - Error calculating SMA/RSI for AWVNA: list index out of range
2024-05-03 22:00:52,558 - ERROR - Error calculating SMA/RSI for AYUHB: list index out of range
2024-05-03 22:00:52,635 - ERROR - Error calculating SMA/RSI for AVRN: list index out of range
2024-05-03 22:00:52,677 - ERROR - Error calculating SMA/RSI for BBCN: list index out of range
2024-05-03 22:00:52,684 - ERROR - Error calculating SMA/RSI for BASNE: list index out of range
2024-05-03 22:00:52,789 - ERROR - Error calculating SMA/RSI for BITNE: list index out of range
2024-05-03 22:00:52,801 - ERROR - Error calculating SMA/RSI for BM8.FAKE: list index out of range
2024-05-03 22:00:52,803 - ERROR - Error calculating SMA/RSI for BMEN: list index out of range
2024-05-03 22:00:52,822 - ERROR - Error calculating SMA/RSI for BOQPD: list index out of range
2024-05-03 22:00:52,837 - ERROR - Error calculating SMA/RSI for BRUN: list index out of range
2024-05-03 22:00:52,853 - ERROR - Error calculating SMA/RSI for MEBNB: list index out of range
2024-05-03 22:00:53,014 - ERROR - Error calculating SMA/RSI for MONY: list index out of range
2024-05-03 22:00:53,081 - ERROR - Error calculating SMA/RSI for SMXN: list index out of range
2024-05-03 22:00:53,083 - ERROR - Error calculating SMA/RSI for BENPD: list index out of range
2024-05-03 22:00:53,118 - ERROR - Error calculating SMA/RSI for MLMNC: list index out of range
2024-05-03 22:00:53,119 - ERROR - Error calculating SMA/RSI for MOTNB: list index out of range
2024-05-03 22:00:53,125 - ERROR - Error calculating SMA/RSI for MRCN: list index out of range
2024-05-03 22:00:53,260 - ERROR - Error calculating SMA/RSI for MRCNA: list index out of range
2024-05-03 22:00:53,293 - ERROR - Error calculating SMA/RSI for SMRN: list index out of range
2024-05-03 22:00:53,319 - ERROR - Error calculating SMA/RSI for BEXN: list index out of range
2024-05-03 22:00:53,354 - ERROR - Error calculating SMA/RSI for BLGNA: list index out of range
2024-05-03 22:00:53,474 - ERROR - Error calculating SMA/RSI for BOAN: list index out of range
2024-05-03 22:00:53,509 - ERROR - Error calculating SMA/RSI for BNONA: list index out of range
2024-05-03 22:00:53,535 - ERROR - Error calculating SMA/RSI for BNRNA: list index out of range
2024-05-03 22:00:53,633 - ERROR - Error calculating SMA/RSI for CAMPA: list index out of range
2024-05-03 22:00:53,661 - ERROR - Error calculating SMA/RSI for CAPNB: list index out of range
2024-05-03 22:00:53,676 - ERROR - Error calculating SMA/RSI for CARN: list index out of range
2024-05-03 22:00:53,702 - ERROR - Error calculating SMA/RSI for MPXN: list index out of range
2024-05-03 22:00:53,829 - ERROR - Error calculating SMA/RSI for MXUPA: list index out of range
2024-05-03 22:00:53,862 - ERROR - Error calculating SMA/RSI for NCZN: list index out of range
2024-05-03 22:00:53,905 - ERROR - Error calculating SMA/RSI for NVUN: list index out of range
2024-05-03 22:00:54,180 - ERROR - Error calculating SMA/RSI for NMTN: list index out of range
2024-05-03 22:00:54,195 - ERROR - Error calculating SMA/RSI for NWENA: list index out of range
2024-05-03 22:00:54,218 - ERROR - Error calculating SMA/RSI for OLLNA: list index out of range
2024-05-03 22:00:54,274 - ERROR - Error calculating SMA/RSI for STKN: list index out of range
2024-05-03 22:00:54,332 - ERROR - Error calculating SMA/RSI for BUDNA: list index out of range
2024-05-03 22:00:54,423 - ERROR - Error calculating SMA/RSI for CDTNA: list index out of range
2024-05-03 22:00:54,488 - ERROR - Error calculating SMA/RSI for CIONC: list index out of range
2024-05-03 22:00:54,500 - ERROR - Error calculating SMA/RSI for CGCN: list index out of range
2024-05-03 22:00:54,504 - ERROR - Error calculating SMA/RSI for CG1NA: list index out of range
2024-05-03 22:00:54,520 - ERROR - Error calculating SMA/RSI for CL8NE: list index out of range
2024-05-03 22:00:54,536 - ERROR - Error calculating SMA/RSI for CNJND: list index out of range
2024-05-03 22:00:54,628 - ERROR - Error calculating SMA/RSI for NAGN: list index out of range
2024-05-03 22:00:54,649 - ERROR - Error calculating SMA/RSI for SOVN: list index out of range
2024-05-03 22:00:54,726 - ERROR - Error calculating SMA/RSI for SVWPA: list index out of range
2024-05-03 22:00:54,756 - ERROR - Error calculating SMA/RSI for CRSN: list index out of range
2024-05-03 22:00:54,789 - ERROR - Error calculating SMA/RSI for STKND: list index out of range
2024-05-03 22:00:54,802 - ERROR - Error calculating SMA/RSI for NMRNB: list index out of range
2024-05-03 22:00:54,822 - ERROR - Error calculating SMA/RSI for NORN: list index out of range
2024-05-03 22:00:54,873 - ERROR - Error calculating SMA/RSI for CSM: list index out of range
2024-05-03 22:00:54,914 - ERROR - Error calculating SMA/RSI for CUSN: list index out of range
2024-05-03 22:00:54,918 - ERROR - Error calculating SMA/RSI for CVSNA: list index out of range
2024-05-03 22:00:54,939 - ERROR - Error calculating SMA/RSI for CYMN: list index out of range
2024-05-03 22:00:54,948 - ERROR - Error calculating SMA/RSI for CZNN: list index out of range
2024-05-03 22:00:54,967 - ERROR - Error calculating SMA/RSI for CVSNB: list index out of range
2024-05-03 22:00:54,981 - ERROR - Error calculating SMA/RSI for CXMN: list index out of range
2024-05-03 22:00:55,118 - ERROR - Error calculating SMA/RSI for NWFN: list index out of range
2024-05-03 22:00:55,177 - ERROR - Error calculating SMA/RSI for DYLNC: list index out of range
2024-05-03 22:00:55,217 - ERROR - Error calculating SMA/RSI for OECN: list index out of range
2024-05-03 22:00:55,236 - ERROR - Error calculating SMA/RSI for OOKNA: list index out of range
2024-05-03 22:00:55,237 - ERROR - Error calculating SMA/RSI for OXT: 
2024-05-03 22:00:55,272 - ERROR - Error calculating SMA/RSI for SYAN: list index out of range
2024-05-03 22:00:55,283 - ERROR - Error calculating SMA/RSI for TEMN: list index out of range
2024-05-03 22:00:55,415 - ERROR - Error calculating SMA/RSI for TCLN: list index out of range
2024-05-03 22:00:55,514 - ERROR - Error calculating SMA/RSI for DXNNB: list index out of range
2024-05-03 22:00:55,698 - ERROR - Error calculating SMA/RSI for EGNN: list index out of range
2024-05-03 22:00:55,731 - ERROR - Error calculating SMA/RSI for EDEN: list index out of range
2024-05-03 22:00:55,735 - ERROR - Error calculating SMA/RSI for ECSNC: list index out of range
2024-05-03 22:00:55,864 - ERROR - Error calculating SMA/RSI for TMHN: list index out of range
2024-05-03 22:00:55,912 - ERROR - Error calculating SMA/RSI for OZZN: list index out of range
2024-05-03 22:00:55,914 - ERROR - Error calculating SMA/RSI for OPNN: list index out of range
2024-05-03 22:00:55,935 - ERROR - Error calculating SMA/RSI for TMGNA: list index out of range
2024-05-03 22:00:55,947 - ERROR - Error calculating SMA/RSI for TNRNA: list index out of range
2024-05-03 22:00:55,964 - ERROR - Error calculating SMA/RSI for OPLN: list index out of range
2024-05-03 22:00:56,026 - ERROR - Error calculating SMA/RSI for PDZN: list index out of range
2024-05-03 22:00:56,066 - ERROR - Error calculating SMA/RSI for OVNNA: list index out of range
2024-05-03 22:00:56,083 - ERROR - Error calculating SMA/RSI for PBHN: list index out of range
2024-05-03 22:00:56,102 - ERROR - Error calculating SMA/RSI for TNRN: list index out of range
2024-05-03 22:00:56,130 - ERROR - Error calculating SMA/RSI for EVEN: list index out of range
2024-05-03 22:00:56,163 - ERROR - Error calculating SMA/RSI for EWCNA: list index out of range
2024-05-03 22:00:56,297 - ERROR - Error calculating SMA/RSI for FFXND: list index out of range
2024-05-03 22:00:56,462 - ERROR - Error calculating SMA/RSI for FNXN: list index out of range
2024-05-03 22:00:56,550 - ERROR - Error calculating SMA/RSI for PABN: list index out of range
2024-05-03 22:00:56,556 - ERROR - Error calculating SMA/RSI for PAKNB: list index out of range
2024-05-03 22:00:56,574 - ERROR - Error calculating SMA/RSI for TRYNA: list index out of range
2024-05-03 22:00:56,634 - ERROR - Error calculating SMA/RSI for PEXND: list index out of range
2024-05-03 22:00:56,672 - ERROR - Error calculating SMA/RSI for PHLN: list index out of range
2024-05-03 22:00:56,741 - ERROR - Error calculating SMA/RSI for TPSN: list index out of range
2024-05-03 22:00:56,788 - ERROR - Error calculating SMA/RSI for FTZNA: list index out of range
2024-05-03 22:00:56,957 - ERROR - Error calculating SMA/RSI for PNTN: list index out of range
2024-05-03 22:00:56,988 - ERROR - Error calculating SMA/RSI for PSLNB: list index out of range
2024-05-03 22:00:57,015 - ERROR - Error calculating SMA/RSI for PXXNA: list index out of range
2024-05-03 22:00:57,025 - ERROR - Error calculating SMA/RSI for TONNF: list index out of range
2024-05-03 22:00:57,047 - ERROR - Error calculating SMA/RSI for TTIN: list index out of range
2024-05-03 22:00:57,206 - ERROR - Error calculating SMA/RSI for GNMNF: list index out of range
2024-05-03 22:00:57,215 - ERROR - Error calculating SMA/RSI for GMNNB: list index out of range
2024-05-03 22:00:57,222 - ERROR - Error calculating SMA/RSI for GMEN: list index out of range
2024-05-03 22:00:57,248 - ERROR - Error calculating SMA/RSI for PGON: list index out of range
2024-05-03 22:00:57,282 - ERROR - Error calculating SMA/RSI for PODNA: list index out of range
2024-05-03 22:00:57,301 - ERROR - Error calculating SMA/RSI for PPKMEG: list index out of range
2024-05-03 22:00:57,392 - ERROR - Error calculating SMA/RSI for TYMNA: list index out of range
2024-05-03 22:00:57,561 - ERROR - Error calculating SMA/RSI for GNMND: list index out of range
2024-05-03 22:00:57,603 - ERROR - Error calculating SMA/RSI for GMDND: list index out of range
2024-05-03 22:00:57,609 - ERROR - Error calculating SMA/RSI for GMNNA: list index out of range
2024-05-03 22:00:57,618 - ERROR - Error calculating SMA/RSI for GMRN: list index out of range
2024-05-03 22:00:57,632 - ERROR - Error calculating SMA/RSI for GRLN: list index out of range
2024-05-03 22:00:57,745 - ERROR - Error calculating SMA/RSI for GSNNB: list index out of range
2024-05-03 22:00:57,828 - ERROR - Error calculating SMA/RSI for HILR: list index out of range
2024-05-03 22:00:57,888 - ERROR - Error calculating SMA/RSI for HILNB: list index out of range
2024-05-03 22:00:57,944 - ERROR - Error calculating SMA/RSI for HNRNA: list index out of range
2024-05-03 22:00:57,954 - ERROR - Error calculating SMA/RSI for HORNC: list index out of range
2024-05-03 22:00:58,313 - ERROR - Error calculating SMA/RSI for HILNA: list index out of range
2024-05-03 22:00:58,487 - ERROR - Error calculating SMA/RSI for ICNN: list index out of range
2024-05-03 22:00:58,713 - ERROR - Error calculating SMA/RSI for IMFHA: list index out of range
2024-05-03 22:00:58,806 - ERROR - Error calculating SMA/RSI for PODN: list index out of range
2024-05-03 22:00:58,818 - ERROR - Error calculating SMA/RSI for TZLNC: list index out of range
2024-05-03 22:00:58,831 - ERROR - Error calculating SMA/RSI for UBIN: list index out of range
2024-05-03 22:00:58,836 - ERROR - Error calculating SMA/RSI for UCMN: list index out of range
2024-05-03 22:00:58,891 - ERROR - Error calculating SMA/RSI for WBEN: list index out of range
2024-05-03 22:00:58,910 - ERROR - Error calculating SMA/RSI for WMCNF: list index out of range
2024-05-03 22:00:59,102 - ERROR - Error calculating SMA/RSI for WBTNB: list index out of range
2024-05-03 22:00:59,115 - ERROR - Error calculating SMA/RSI for WECN: list index out of range
2024-05-03 22:00:59,271 - ERROR - Error calculating SMA/RSI for WKTND: list index out of range
2024-05-03 22:00:59,297 - ERROR - Error calculating SMA/RSI for WWIN: list index out of range
2024-05-03 22:00:59,314 - ERROR - Error calculating SMA/RSI for INPN: list index out of range
2024-05-03 22:00:59,372 - ERROR - Error calculating SMA/RSI for IVT: 
2024-05-03 22:00:59,392 - ERROR - Error calculating SMA/RSI for IPTNA: list index out of range
2024-05-03 22:00:59,588 - ERROR - Error calculating SMA/RSI for KAUN: list index out of range
2024-05-03 22:00:59,647 - ERROR - Error calculating SMA/RSI for KFENA: list index out of range
2024-05-03 22:00:59,661 - ERROR - Error calculating SMA/RSI for KGDN: list index out of range
2024-05-03 22:00:59,715 - ERROR - Error calculating SMA/RSI for KOB: 
2024-05-03 22:00:59,763 - ERROR - Error calculating SMA/RSI for QRIN: list index out of range
2024-05-03 22:00:59,827 - ERROR - Error calculating SMA/RSI for VORN: list index out of range
2024-05-03 22:00:59,833 - ERROR - Error calculating SMA/RSI for VXRNF: list index out of range
2024-05-03 22:00:59,875 - ERROR - Error calculating SMA/RSI for WHANC: list index out of range
2024-05-03 22:00:59,933 - ERROR - Error calculating SMA/RSI for KTGNB: list index out of range
2024-05-03 22:00:59,969 - ERROR - Error calculating SMA/RSI for RANN: list index out of range
2024-05-03 22:01:00,112 - ERROR - Error calculating SMA/RSI for KKONB: list index out of range
2024-05-03 22:01:00,159 - ERROR - Error calculating SMA/RSI for WBTN: list index out of range
2024-05-03 22:01:00,199 - ERROR - Error calculating SMA/RSI for WLENA: list index out of range
2024-05-03 22:01:00,230 - ERROR - Error calculating SMA/RSI for REMN: list index out of range
2024-05-03 22:01:00,255 - ERROR - Error calculating SMA/RSI for WMXNE: list index out of range
2024-05-03 22:01:00,315 - ERROR - Error calculating SMA/RSI for YTMF08: list index out of range
2024-05-03 22:01:00,361 - ERROR - Error calculating SMA/RSI for Z3RO: list index out of range
2024-05-03 22:01:00,694 - ERROR - Error calculating SMA/RSI for LSHN: list index out of range
2024-05-03 22:01:00,696 - ERROR - Error calculating SMA/RSI for LRVN: list index out of range
2024-05-03 22:01:00,762 - ERROR - Error calculating SMA/RSI for LOMNE: list index out of range
2024-05-03 22:01:00,764 - ERROR - Error calculating SMA/RSI for LPDNH: list index out of range
2024-05-03 22:01:00,851 - ERROR - Error calculating SMA/RSI for MAYN: list index out of range
2024-05-03 22:01:00,855 - ERROR - Error calculating SMA/RSI for MATN: list index out of range
2024-05-03 22:01:00,911 - ERROR - Error calculating SMA/RSI for RD1NC: list index out of range
2024-05-03 22:01:00,929 - ERROR - Error calculating SMA/RSI for WWGN: list index out of range
2024-05-03 22:01:00,957 - ERROR - Error calculating SMA/RSI for MCTN: list index out of range
2024-05-03 22:01:00,983 - ERROR - Error calculating SMA/RSI for WRMNE: list index out of range
2024-05-03 22:01:01,121 - ERROR - Error calculating SMA/RSI for YTMAZJ: list index out of range
2024-05-03 22:01:01,162 - ERROR - Error calculating SMA/RSI for YTMQF1: list index out of range
2024-05-03 22:01:01,284 - ERROR - Error calculating SMA/RSI for RHYN: list index out of range
2024-05-03 22:01:01,320 - ERROR - Error calculating SMA/RSI for YTMF03: list index out of range
2024-05-03 22:01:01,376 - ERROR - Error calculating SMA/RSI for YTMTLS: list index out of range
2024-05-03 22:01:01,511 - ERROR - Error calculating SMA/RSI for SBKPA: list index out of range
2024-05-03 22:01:01,524 - ERROR - Error calculating SMA/RSI for YTMBOQ: list index out of range
2024-05-03 22:01:01,540 - ERROR - Error calculating SMA/RSI for YTMF11: list index out of range
2024-05-03 22:01:01,573 - ERROR - Error calculating SMA/RSI for YTMWB1: list index out of range
2024-05-03 22:01:01,580 - INFO - Total number of records included: 2374
2024-05-03 22:01:01,585 - INFO - Total time taken 239.26 seconds
